<?xml version="1.0" encoding="UTF-8"?>
<!-- Generated by org.testng.reporters.JUnitXMLReporter -->
<testsuite hostname="LAPTOP-3N46RTJT" ignored="0" name="tests" tests="10" failures="1" timestamp="21 Mar 2020 20:27:48 GMT" time="0.191" errors="0">
  <testcase name="Test1" time="0.006" classname="tests.Testing1"/>
  <testcase name="Test2" time="0.002" classname="tests.Testing1"/>
  <testcase name="Test3" time="0.002" classname="tests.Testing1"/>
  <testcase name="f" time="0.003" classname="tests.Testing1"/>
  <testcase name="f" time="0.002" classname="tests.Testing1"/>
  <testcase name="test4" time="0.028" classname="tests.Testing2"/>
  <testcase name="test5" time="0.002" classname="tests.Testing2"/>
  <testcase name="homeTest" time="0.007" classname="tests.Testing3"/>
  <testcase name="mainTest" time="0.008" classname="tests.Testing3">
    <failure type="java.lang.AssertionError" message="The following asserts failed:
	verfying element expected [true] but found [false]">
      <![CDATA[java.lang.AssertionError: The following asserts failed:
verfying element expected [true] but found [false]
at tests.Testing3.mainTest(Testing3.java:27)
... Removed 26 stack frames]]>
    </failure>
  </testcase> <!-- mainTest -->
  <testcase name="endTest" time="0.0" classname="tests.Testing3">
    <skipped/>
  </testcase> <!-- endTest -->
</testsuite> <!-- tests -->
